<?xml version="1.0" encoding="UTF-8"?>
<testsuite name="AhmedabadHomeStay" tests="1" skipped="0" failures="0" errors="0" timestamp="2022-09-17T07:03:13" hostname="jyoti" time="4.693">
  <properties/>
  <testcase name="testgujrathomestay()" classname="AhmedabadHomeStay" time="4.693"/>
  <system-out><![CDATA[Value Of Variable i is 0
Value Of Variable i is 1
Value Of Variable i is 2
Value Of Variable i is 3
Value Of Variable i is 4
Value Of Variable i is 5
Value Of Variable i is 6
Value Of Variable i is 7
Value Of Variable i is 8
Value Of Variable i is 9
Value Of Variable i is 10
Value Of Variable i is 11
Value Of Variable i is 12
Value Of Variable i is 13
Value Of Variable i is 14
Value Of Variable i is 15
Value Of Variable i is 16
Value Of Variable i is 17
Value Of Variable i is 18
Value Of Variable i is 19
Value Of Variable i is 20
Value Of Variable i is 21
Value Of Variable i is 22
Value Of Variable i is 23
Value Of Variable i is 24
Value Of Variable i is 25
Value Of Variable i is 26
Value Of Variable i is 27
Value Of Variable i is 28
Value Of Variable i is 29
Value Of Variable i is 30
Value Of Variable i is 31
Value Of Variable i is 32
Value Of Variable i is 33
Value Of Variable i is 34
34
]]></system-out>
  <system-err><![CDATA[SLF4J: Failed to load class "org.slf4j.impl.StaticLoggerBinder".
SLF4J: Defaulting to no-operation (NOP) logger implementation
SLF4J: See http://www.slf4j.org/codes.html#StaticLoggerBinder for further details.
Starting ChromeDriver 105.0.5195.102 (4c16f5ffcc2da70ee2600d5db77bed423ac03a5a-refs/branch-heads/5195_55@{#4}) on port 42742
Only local connections are allowed.
Please see https://chromedriver.chromium.org/security-considerations for suggestions on keeping ChromeDriver safe.
ChromeDriver was started successfully.
Sep 17, 2022 12:33:14 PM org.openqa.selenium.remote.ProtocolHandshake createSession
INFO: Detected upstream dialect: W3C
Sep 17, 2022 12:33:14 PM org.openqa.selenium.devtools.CdpVersionFinder findNearestMatch
WARNING: Unable to find an exact match for CDP version 105, so returning the closest version found: 104
Sep 17, 2022 12:33:14 PM org.openqa.selenium.devtools.CdpVersionFinder findNearestMatch
INFO: Found CDP implementation for version 105 of 104
]]></system-err>
</testsuite>
