<?xml version="1.0" encoding="UTF-8"?>
<testsuite name="AhmedabadHomeStay" tests="1" skipped="0" failures="0" errors="0" timestamp="2022-09-20T05:27:45" hostname="jyoti" time="47.983">
  <properties/>
  <testcase name="testgujrathomestay()" classname="AhmedabadHomeStay" time="47.983"/>
  <system-out><![CDATA[CSV file created
Data fetched for: 34/34
]]></system-out>
  <system-err><![CDATA[SLF4J: Failed to load class "org.slf4j.impl.StaticLoggerBinder".
SLF4J: Defaulting to no-operation (NOP) logger implementation
SLF4J: See http://www.slf4j.org/codes.html#StaticLoggerBinder for further details.
Starting ChromeDriver 105.0.5195.102 (4c16f5ffcc2da70ee2600d5db77bed423ac03a5a-refs/branch-heads/5195_55@{#4}) on port 56593
Only local connections are allowed.
Please see https://chromedriver.chromium.org/security-considerations for suggestions on keeping ChromeDriver safe.
ChromeDriver was started successfully.
Sep 20, 2022 10:57:46 AM org.openqa.selenium.remote.ProtocolHandshake createSession
INFO: Detected upstream dialect: W3C
Sep 20, 2022 10:57:46 AM org.openqa.selenium.devtools.CdpVersionFinder findNearestMatch
WARNING: Unable to find an exact match for CDP version 105, so returning the closest version found: 104
Sep 20, 2022 10:57:46 AM org.openqa.selenium.devtools.CdpVersionFinder findNearestMatch
INFO: Found CDP implementation for version 105 of 104
]]></system-err>
</testsuite>
